<?xml version="1.0" encoding="utf-8" standalone="no"?>
<!--This file represents the results of running a test suite-->
<test-results name="c:\DEV\QuadTree\tests\QuadTree.Tests\bin\Release\QuadTree.Tests.dll" total="2" errors="0" failures="0" not-run="0" inconclusive="0" ignored="0" skipped="0" invalid="0" date="2016-11-03" time="00:10:55">
  <environment nunit-version="2.6.4.14350" clr-version="2.0.50727.8745" os-version="Microsoft Windows NT 6.2.9200.0" platform="Win32NT" cwd="c:\DEV\QuadTree" machine-name="TINTIN" user="remy" user-domain="TINTIN" />
  <culture-info current-culture="en-US" current-uiculture="en-GB" />
  <test-suite type="Assembly" name="c:\DEV\QuadTree\tests\QuadTree.Tests\bin\Release\QuadTree.Tests.dll" executed="True" result="Success" success="True" time="1.675" asserts="0">
    <results>
      <test-suite type="Namespace" name="QuadTree" executed="True" result="Success" success="True" time="1.646" asserts="0">
        <results>
          <test-suite type="TestFixture" name="Tests" executed="True" result="Success" success="True" time="1.641" asserts="100">
            <results>
              <test-case name="QuadTree.Tests.Can insert and remove  point from QuadTree " executed="True" result="Success" success="True" time="1.460" asserts="0" />
              <test-case name="QuadTree.Tests.Can insert point from QuadTree " executed="True" result="Success" success="True" time="0.137" asserts="0" />
            </results>
          </test-suite>
        </results>
      </test-suite>
    </results>
  </test-suite>
</test-results>